c:\steps\databaseserver\consoleapplication1\debug\consoleapplication1.pch
c:\steps\databaseserver\consoleapplication1\debug\vc141.pdb
c:\steps\databaseserver\consoleapplication1\debug\stdafx.obj
c:\steps\databaseserver\consoleapplication1\debug\way_load.obj
c:\steps\databaseserver\consoleapplication1\debug\un2.obj
c:\steps\databaseserver\consoleapplication1\debug\consoleapplication1.obj
c:\steps\databaseserver\consoleapplication1\debug\assemblyinfo.obj
c:\steps\databaseserver\consoleapplication1\debug\.netframework,version=v4.6.1.assemblyattributes.obj
c:\steps\databaseserver\consoleapplication1\debug\.netframework,version=v4.6.1.assemblyattributes.asm
c:\steps\databaseserver\consoleapplication1\debug\stub.obj
c:\steps\databaseserver\consoleapplication1\debug\presentationframework.dll
c:\steps\databaseserver\consoleapplication1\debug\windowsbase.dll
c:\steps\databaseserver\consoleapplication1\debug\consoleapplication1.exe
c:\steps\databaseserver\consoleapplication1\debug\consoleapplication1.pdb
c:\steps\databaseserver\consoleapplication1\debug\consolea.cfa46eff.tlog\metagen.write.1.tlog
c:\steps\databaseserver\consoleapplication1\debug\app.res
c:\steps\databaseserver\consoleapplication1\debug\consoleapplication1.vcxprojresolveassemblyreference.cache
c:\steps\databaseserver\consoleapplication1\debug\consoleapplication1.exe.metagen
c:\steps\databaseserver\consoleapplication1\debug\consolea.cfa46eff.tlog\cl.command.1.tlog
c:\steps\databaseserver\consoleapplication1\debug\consolea.cfa46eff.tlog\cl.read.1.tlog
c:\steps\databaseserver\consoleapplication1\debug\consolea.cfa46eff.tlog\cl.write.1.tlog
c:\steps\databaseserver\consoleapplication1\debug\consolea.cfa46eff.tlog\consoleapplication1.write.1u.tlog
c:\steps\databaseserver\consoleapplication1\debug\consolea.cfa46eff.tlog\link.command.1.tlog
c:\steps\databaseserver\consoleapplication1\debug\consolea.cfa46eff.tlog\link.read.1.tlog
c:\steps\databaseserver\consoleapplication1\debug\consolea.cfa46eff.tlog\link.write.1.tlog
c:\steps\databaseserver\consoleapplication1\debug\consolea.cfa46eff.tlog\metagen.read.1.tlog
c:\steps\databaseserver\consoleapplication1\debug\consolea.cfa46eff.tlog\rc.command.1.tlog
c:\steps\databaseserver\consoleapplication1\debug\consolea.cfa46eff.tlog\rc.read.1.tlog
c:\steps\databaseserver\consoleapplication1\debug\consolea.cfa46eff.tlog\rc.write.1.tlog
c:\steps\databaseserver\consoleapplication1\debug\consolea.cfa46eff.tlog\presentationframework.dll.metagen
c:\steps\databaseserver\consoleapplication1\debug\consolea.cfa46eff.tlog\windowsbase.dll.metagen
c:\steps\databaseserver\consoleapplication1\debug\consolea.cfa46eff.tlog\tzres.dll.bi
